[debug] [2024-01-25T05:51:38.009Z] ----------------------------------------------------------------------
[debug] [2024-01-25T05:51:38.015Z] Command:       C:\Program Files\nodejs\node.exe C:\Users\Asus\AppData\Roaming\npm\node_modules\firebase-tools\lib\bin\firebase.js init
[debug] [2024-01-25T05:51:38.017Z] CLI Version:   13.1.0
[debug] [2024-01-25T05:51:38.018Z] Platform:      win32
[debug] [2024-01-25T05:51:38.019Z] Node Version:  v18.18.0
[debug] [2024-01-25T05:51:38.021Z] Time:          Thu Jan 25 2024 12:51:38 GMT+0700 (Western Indonesia Time)
[debug] [2024-01-25T05:51:38.022Z] ----------------------------------------------------------------------
[debug] 
[debug] [2024-01-25T05:51:38.044Z] > command requires scopes: ["email","openid","https://www.googleapis.com/auth/cloudplatformprojects.readonly","https://www.googleapis.com/auth/firebase","https://www.googleapis.com/auth/cloud-platform"]
[debug] [2024-01-25T05:51:38.046Z] > authorizing via signed-in user (abyantahta2002@gmail.com)
[info] 
     ######## #### ########  ######## ########     ###     ######  ########
     ##        ##  ##     ## ##       ##     ##  ##   ##  ##       ##
     ######    ##  ########  ######   ########  #########  ######  ######
     ##        ##  ##    ##  ##       ##     ## ##     ##       ## ##
     ##       #### ##     ## ######## ########  ##     ##  ######  ########

You're about to initialize a Firebase project in this directory:

  D:\Tahta\Belajar\Firebase\firebase-react-app

[info] 
=== Project Setup
[info] 
[info] First, let's associate this project directory with a Firebase project.
[info] You can create multiple project aliases by running firebase use --add, 
[info] but for now we'll just set up a default project.
[info] 
[debug] [2024-01-25T05:52:02.813Z] >>> [apiv2][query] GET https://firebase.googleapis.com/v1beta1/projects pageSize=100
[debug] [2024-01-25T05:52:03.545Z] <<< [apiv2][status] GET https://firebase.googleapis.com/v1beta1/projects 200
[debug] [2024-01-25T05:52:03.546Z] <<< [apiv2][body] GET https://firebase.googleapis.com/v1beta1/projects [omitted]
[info] i  Using project fir-react-ca0fe (Firebase-react) 
[info] 
=== Hosting Setup
[debug] [2024-01-25T05:52:09.217Z] >>> [apiv2][query] GET https://firebase.googleapis.com/v1beta1/projects/fir-react-ca0fe [none]
[debug] [2024-01-25T05:52:09.565Z] <<< [apiv2][status] GET https://firebase.googleapis.com/v1beta1/projects/fir-react-ca0fe 200
[debug] [2024-01-25T05:52:09.566Z] <<< [apiv2][body] GET https://firebase.googleapis.com/v1beta1/projects/fir-react-ca0fe {"projectId":"fir-react-ca0fe","projectNumber":"910708701184","displayName":"Firebase-react","name":"projects/fir-react-ca0fe","resources":{"hostingSite":"fir-react-ca0fe","storageBucket":"fir-react-ca0fe.appspot.com","locationId":"asia-southeast2"},"state":"ACTIVE","etag":"1_961c2395-7554-46d4-8586-4b81ab34e9d3"}
[info] 
[info] Your public directory is the folder (relative to your project directory) that
[info] will contain Hosting assets to be uploaded with firebase deploy. If you
[info] have a build process for your assets, use your build's output directory.
[info] 
[info] +  Wrote public/404.html 
[debug] [2024-01-25T05:53:28.150Z] >>> [apiv2][query] GET https://www.gstatic.com/firebasejs/releases.json [none]
[debug] [2024-01-25T05:53:28.354Z] <<< [apiv2][status] GET https://www.gstatic.com/firebasejs/releases.json 200
[debug] [2024-01-25T05:53:28.354Z] <<< [apiv2][body] GET https://www.gstatic.com/firebasejs/releases.json {"current":{"version":"10.7.2","browserURL":"https://www.gstatic.com/firebasejs/10.7.2/firebase.js","packageURL":"https://www.gstatic.com/firebasejs/10.7.2/firebase.tgz"},"live":{"version":"10.7","browserURL":"https://www.gstatic.com/firebasejs/live/10.7/firebase.js","packageURL":"https://www.gstatic.com/firebasejs/live/10.7/firebase.tgz"},"components":{"analytics":"https://www.gstatic.com/firebasejs/10.7.2/firebase-analytics.js","app":"https://www.gstatic.com/firebasejs/10.7.2/firebase-app.js","app-check":"https://www.gstatic.com/firebasejs/10.7.2/firebase-app-check.js","auth":"https://www.gstatic.com/firebasejs/10.7.2/firebase-auth.js","auth/cordova":"https://www.gstatic.com/firebasejs/10.7.2/firebase-auth/cordova.js","functions":"https://www.gstatic.com/firebasejs/10.7.2/firebase-functions.js","firestore":"https://www.gstatic.com/firebasejs/10.7.2/firebase-firestore.js","firestore/lite":"https://www.gstatic.com/firebasejs/10.7.2/firebase-firestore/lite.js","installations":"https://www.gstatic.com/firebasejs/10.7.2/firebase-installations.js","storage":"https://www.gstatic.com/firebasejs/10.7.2/firebase-storage.js","performance":"https://www.gstatic.com/firebasejs/10.7.2/firebase-performance.js","remote-config":"https://www.gstatic.com/firebasejs/10.7.2/firebase-remote-config.js","messaging":"https://www.gstatic.com/firebasejs/10.7.2/firebase-messaging.js","messaging/sw":"https://www.gstatic.com/firebasejs/10.7.2/firebase-messaging/sw.js","database":"https://www.gstatic.com/firebasejs/10.7.2/firebase-database.js","firestore.memory":"https://www.gstatic.com/firebasejs/10.7.2/firebase-firestore.memory.js"}}
[info] i  Skipping write of public/index.html 
[info] 
[info] i  Detected a .git folder at D:\Tahta\Belajar\Firebase\firebase-react-app 
[info] i  Authorizing with GitHub to upload your service account to a GitHub repository's secrets store. 
[info] 
[info] Visit this URL on this device to log in:
[info] https://github.com/login/oauth/authorize?client_id=89cf50f02ac6aaed3484&state=870550047&redirect_uri=http%3A%2F%2Flocalhost%3A9005&scope=read%3Auser%20repo%20public_repo
[info] 
[info] Waiting for authentication...
[debug] [2024-01-25T06:03:14.612Z] >>> [apiv2][query] POST https://github.com/login/oauth/access_token [none]
[debug] [2024-01-25T06:03:14.612Z] >>> [apiv2][body] POST https://github.com/login/oauth/access_token [stream]
[debug] [2024-01-25T06:03:15.182Z] <<< [apiv2][status] POST https://github.com/login/oauth/access_token 200
[debug] [2024-01-25T06:03:15.182Z] <<< [apiv2][body] POST https://github.com/login/oauth/access_token {"access_token":"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","token_type":"bearer","scope":"read:user,repo"}
[debug] [2024-01-25T06:03:15.194Z] >>> [apiv2][query] GET https://api.github.com/user [none]
[debug] [2024-01-25T06:03:15.782Z] <<< [apiv2][status] GET https://api.github.com/user 200
[debug] [2024-01-25T06:03:15.783Z] <<< [apiv2][body] GET https://api.github.com/user {"login":"abyantahta","id":72452312,"node_id":"MDQ6VXNlcjcyNDUyMzEy","avatar_url":"https://avatars.githubusercontent.com/u/72452312?v=4","gravatar_id":"","url":"https://api.github.com/users/abyantahta","html_url":"https://github.com/abyantahta","followers_url":"https://api.github.com/users/abyantahta/followers","following_url":"https://api.github.com/users/abyantahta/following{/other_user}","gists_url":"https://api.github.com/users/abyantahta/gists{/gist_id}","starred_url":"https://api.github.com/users/abyantahta/starred{/owner}{/repo}","subscriptions_url":"https://api.github.com/users/abyantahta/subscriptions","organizations_url":"https://api.github.com/users/abyantahta/orgs","repos_url":"https://api.github.com/users/abyantahta/repos","events_url":"https://api.github.com/users/abyantahta/events{/privacy}","received_events_url":"https://api.github.com/users/abyantahta/received_events","type":"User","site_admin":false,"name":null,"company":null,"blog":"","location":null,"email":null,"hireable":null,"bio":null,"twitter_username":null,"public_repos":15,"public_gists":0,"followers":6,"following":5,"created_at":"2020-10-06T13:33:06Z","updated_at":"2024-01-25T05:50:49Z","private_gists":0,"total_private_repos":13,"owned_private_repos":12,"disk_usage":55396,"collaborators":0,"two_factor_authentication":false,"plan":{"name":"free","space":976562499,"collaborators":0,"private_repos":10000}}
[info] 
[info] +  Success! Logged into GitHub as abyantahta 
[info] 
